\BOOKMARK [1][-]{section.1}{\376\377\116\300\116\110\146\057\000\040\000L\000a\000T\000e\000X}{}% 1
\BOOKMARK [1][-]{section.2}{\376\377\145\207\150\143\176\323\147\204}{}% 2
\BOOKMARK [2][-]{subsection.2.1}{\376\377\145\207\150\143\174\173}{section.2}% 3
\BOOKMARK [2][-]{subsection.2.2}{\376\377\122\115\212\000\123\072\116\016\153\143\145\207\123\072}{section.2}% 4
\BOOKMARK [1][-]{section.3}{\376\377\145\207\147\054\143\222\162\110}{}% 5
\BOOKMARK [2][-]{subsection.3.1}{\376\377\133\127\117\123\150\067\137\017}{section.3}% 6
\BOOKMARK [2][-]{subsection.3.2}{\376\377\153\265\204\075\116\016\143\142\210\114}{section.3}% 7
\BOOKMARK [2][-]{subsection.3.3}{\376\377\122\027\210\150}{section.3}% 8
\BOOKMARK [1][-]{section.4}{\376\377\145\160\133\146\121\154\137\017}{}% 9
\BOOKMARK [2][-]{subsection.4.1}{\376\377\210\114\121\205\121\154\137\017}{section.4}% 10
\BOOKMARK [2][-]{subsection.4.2}{\376\377\210\114\225\364\121\154\137\017}{section.4}% 11
\BOOKMARK [2][-]{subsection.4.3}{\376\377\136\070\165\050\145\160\133\146\173\046\123\367}{section.4}% 12
\BOOKMARK [2][-]{subsection.4.4}{\376\377\167\351\226\065}{section.4}% 13
\BOOKMARK [2][-]{subsection.4.5}{\376\377\131\032\210\114\121\154\137\017\133\371\237\120}{section.4}% 14
\BOOKMARK [1][-]{section.5}{\376\377\126\376\162\107\116\016\210\150\150\074}{}% 15
\BOOKMARK [2][-]{subsection.5.1}{\376\377\143\322\121\145\126\376\162\107}{section.5}% 16
\BOOKMARK [2][-]{subsection.5.2}{\376\377\116\011\176\277\210\150}{section.5}% 17
\BOOKMARK [1][-]{section.6}{\376\377\116\244\123\311\137\025\165\050\116\016\123\302\200\003\145\207\163\056}{}% 18
\BOOKMARK [2][-]{subsection.6.1}{\376\377\150\007\173\176\116\016\137\025\165\050}{section.6}% 19
\BOOKMARK [2][-]{subsection.6.2}{\376\377\123\302\200\003\145\207\163\056\377\010\000B\000i\000b\000T\000e\000X\377\011}{section.6}% 20
\BOOKMARK [1][-]{section.7}{\376\377\136\070\165\050\133\217\123\005\220\037\147\345}{}% 21
\BOOKMARK [1][-]{section.8}{\376\377\177\026\213\321\145\271\137\017}{}% 22
\BOOKMARK [2][-]{subsection.8.1}{\376\377\136\070\165\050\177\026\213\321\124\175\116\344}{section.8}% 23
\BOOKMARK [2][-]{subsection.8.2}{\376\377\143\250\203\120\177\026\217\221\126\150}{section.8}% 24
\BOOKMARK [1][-]{section.9}{\376\377\140\073\176\323}{}% 25
